

Microchip MPLAB XC8 Assembler V2.31 build 20201012212115 
                                                                                               Sun Sep 05 18:41:35 2021

Microchip MPLAB XC8 C Compiler v2.31 (Free license) build 20201012212115 Og1 
     1                           	processor	16F887
     2                           	pagewidth 120
     3                           	opt	flic
     4                           	psect	cinit,global,class=CODE,merge=1,delta=2
     5                           	psect	bssCOMMON,global,class=COMMON,space=1,delta=1,noexec
     6                           	psect	bssBANK0,global,class=BANK0,space=1,delta=1,noexec
     7                           	psect	cstackCOMMON,global,class=COMMON,space=1,delta=1,noexec
     8                           	psect	cstackBANK0,global,class=BANK0,space=1,delta=1,noexec
     9                           	psect	maintext,global,class=CODE,split=1,delta=2
    10                           	psect	text1,local,class=CODE,merge=1,delta=2
    11                           	psect	text2,local,class=CODE,merge=1,delta=2
    12                           	psect	intentry,global,class=CODE,delta=2
    13                           	psect	config,global,abs,ovrld,class=CONFIG,space=4,delta=2,noexec
    14                           	dabs	1,0x7E,2
    15  0000                     
    16                           ; Version 2.20
    17                           ; Generated 12/02/2020 GMT
    18                           ; 
    19                           ; Copyright © 2020, Microchip Technology Inc. and its subsidiaries ("Microchip")
    20                           ; All rights reserved.
    21                           ; 
    22                           ; This software is developed by Microchip Technology Inc. and its subsidiaries ("Microch
      +                          ip").
    23                           ; 
    24                           ; Redistribution and use in source and binary forms, with or without modification, are
    25                           ; permitted provided that the following conditions are met:
    26                           ; 
    27                           ;     1. Redistributions of source code must retain the above copyright notice, this lis
      +                          t of
    28                           ;        conditions and the following disclaimer.
    29                           ; 
    30                           ;     2. Redistributions in binary form must reproduce the above copyright notice, this 
      +                          list
    31                           ;        of conditions and the following disclaimer in the documentation and/or other
    32                           ;        materials provided with the distribution.
    33                           ; 
    34                           ;     3. Microchip's name may not be used to endorse or promote products derived from th
      +                          is
    35                           ;        software without specific prior written permission.
    36                           ; 
    37                           ; THIS SOFTWARE IS PROVIDED BY MICROCHIP "AS IS" AND ANY EXPRESS OR IMPLIED WARRANTIES,
    38                           ; INCLUDING, BUT NOT LIMITED TO, THE IMPLIED WARRANTIES OF MERCHANTABILITY AND FITNESS F
      +                          OR
    39                           ; PURPOSE ARE DISCLAIMED.  IN NO EVENT SHALL MICROCHIP BE LIABLE FOR ANY DIRECT, INDIREC
      +                          T,
    40                           ; INCIDENTAL, SPECIAL, EXEMPLARY, OR CONSEQUENTIAL DAMAGES (INCLUDING BUT NOT LIMITED TO
    41                           ; PROCUREMENT OF SUBSTITUTE GOODS OR SERVICES; LOSS OF USE, DATA OR PROFITS; OR BUSINESS
    42                           ; INTERRUPTION) HOWSOEVER CAUSED AND ON ANY THEORY OF LIABILITY, WHETHER IN CONTRACT, ST
      +                          RICT
    43                           ; LIABILITY, OR TORT (INCLUDING NEGLIGENCE OR OTHERWISE) ARISING IN ANY WAY OUT OF THE U
      +                          SE OF
    44                           ; THIS SOFTWARE, EVEN IF ADVISED OF THE POSSIBILITY OF SUCH DAMAGE.
    45                           ; 
    46                           ; 
    47                           ; Code-generator required, PIC16F887 Definitions
    48                           ; 
    49                           ; SFR Addresses
    50  0000                     	;# 
    51  0001                     	;# 
    52  0002                     	;# 
    53  0003                     	;# 
    54  0004                     	;# 
    55  0005                     	;# 
    56  0006                     	;# 
    57  0007                     	;# 
    58  0008                     	;# 
    59  0009                     	;# 
    60  000A                     	;# 
    61  000B                     	;# 
    62  000C                     	;# 
    63  000D                     	;# 
    64  000E                     	;# 
    65  000E                     	;# 
    66  000F                     	;# 
    67  0010                     	;# 
    68  0011                     	;# 
    69  0012                     	;# 
    70  0013                     	;# 
    71  0014                     	;# 
    72  0015                     	;# 
    73  0015                     	;# 
    74  0016                     	;# 
    75  0017                     	;# 
    76  0018                     	;# 
    77  0019                     	;# 
    78  001A                     	;# 
    79  001B                     	;# 
    80  001B                     	;# 
    81  001C                     	;# 
    82  001D                     	;# 
    83  001E                     	;# 
    84  001F                     	;# 
    85  0081                     	;# 
    86  0085                     	;# 
    87  0086                     	;# 
    88  0087                     	;# 
    89  0088                     	;# 
    90  0089                     	;# 
    91  008C                     	;# 
    92  008D                     	;# 
    93  008E                     	;# 
    94  008F                     	;# 
    95  0090                     	;# 
    96  0091                     	;# 
    97  0092                     	;# 
    98  0093                     	;# 
    99  0093                     	;# 
   100  0093                     	;# 
   101  0094                     	;# 
   102  0095                     	;# 
   103  0096                     	;# 
   104  0097                     	;# 
   105  0098                     	;# 
   106  0099                     	;# 
   107  009A                     	;# 
   108  009B                     	;# 
   109  009C                     	;# 
   110  009D                     	;# 
   111  009E                     	;# 
   112  009F                     	;# 
   113  0105                     	;# 
   114  0107                     	;# 
   115  0108                     	;# 
   116  0109                     	;# 
   117  010C                     	;# 
   118  010C                     	;# 
   119  010D                     	;# 
   120  010E                     	;# 
   121  010F                     	;# 
   122  0185                     	;# 
   123  0187                     	;# 
   124  0188                     	;# 
   125  0189                     	;# 
   126  018C                     	;# 
   127  018D                     	;# 
   128  0000                     	;# 
   129  0001                     	;# 
   130  0002                     	;# 
   131  0003                     	;# 
   132  0004                     	;# 
   133  0005                     	;# 
   134  0006                     	;# 
   135  0007                     	;# 
   136  0008                     	;# 
   137  0009                     	;# 
   138  000A                     	;# 
   139  000B                     	;# 
   140  000C                     	;# 
   141  000D                     	;# 
   142  000E                     	;# 
   143  000E                     	;# 
   144  000F                     	;# 
   145  0010                     	;# 
   146  0011                     	;# 
   147  0012                     	;# 
   148  0013                     	;# 
   149  0014                     	;# 
   150  0015                     	;# 
   151  0015                     	;# 
   152  0016                     	;# 
   153  0017                     	;# 
   154  0018                     	;# 
   155  0019                     	;# 
   156  001A                     	;# 
   157  001B                     	;# 
   158  001B                     	;# 
   159  001C                     	;# 
   160  001D                     	;# 
   161  001E                     	;# 
   162  001F                     	;# 
   163  0081                     	;# 
   164  0085                     	;# 
   165  0086                     	;# 
   166  0087                     	;# 
   167  0088                     	;# 
   168  0089                     	;# 
   169  008C                     	;# 
   170  008D                     	;# 
   171  008E                     	;# 
   172  008F                     	;# 
   173  0090                     	;# 
   174  0091                     	;# 
   175  0092                     	;# 
   176  0093                     	;# 
   177  0093                     	;# 
   178  0093                     	;# 
   179  0094                     	;# 
   180  0095                     	;# 
   181  0096                     	;# 
   182  0097                     	;# 
   183  0098                     	;# 
   184  0099                     	;# 
   185  009A                     	;# 
   186  009B                     	;# 
   187  009C                     	;# 
   188  009D                     	;# 
   189  009E                     	;# 
   190  009F                     	;# 
   191  0105                     	;# 
   192  0107                     	;# 
   193  0108                     	;# 
   194  0109                     	;# 
   195  010C                     	;# 
   196  010C                     	;# 
   197  010D                     	;# 
   198  010E                     	;# 
   199  010F                     	;# 
   200  0185                     	;# 
   201  0187                     	;# 
   202  0188                     	;# 
   203  0189                     	;# 
   204  018C                     	;# 
   205  018D                     	;# 
   206  0000                     	;# 
   207  0001                     	;# 
   208  0002                     	;# 
   209  0003                     	;# 
   210  0004                     	;# 
   211  0005                     	;# 
   212  0006                     	;# 
   213  0007                     	;# 
   214  0008                     	;# 
   215  0009                     	;# 
   216  000A                     	;# 
   217  000B                     	;# 
   218  000C                     	;# 
   219  000D                     	;# 
   220  000E                     	;# 
   221  000E                     	;# 
   222  000F                     	;# 
   223  0010                     	;# 
   224  0011                     	;# 
   225  0012                     	;# 
   226  0013                     	;# 
   227  0014                     	;# 
   228  0015                     	;# 
   229  0015                     	;# 
   230  0016                     	;# 
   231  0017                     	;# 
   232  0018                     	;# 
   233  0019                     	;# 
   234  001A                     	;# 
   235  001B                     	;# 
   236  001B                     	;# 
   237  001C                     	;# 
   238  001D                     	;# 
   239  001E                     	;# 
   240  001F                     	;# 
   241  0081                     	;# 
   242  0085                     	;# 
   243  0086                     	;# 
   244  0087                     	;# 
   245  0088                     	;# 
   246  0089                     	;# 
   247  008C                     	;# 
   248  008D                     	;# 
   249  008E                     	;# 
   250  008F                     	;# 
   251  0090                     	;# 
   252  0091                     	;# 
   253  0092                     	;# 
   254  0093                     	;# 
   255  0093                     	;# 
   256  0093                     	;# 
   257  0094                     	;# 
   258  0095                     	;# 
   259  0096                     	;# 
   260  0097                     	;# 
   261  0098                     	;# 
   262  0099                     	;# 
   263  009A                     	;# 
   264  009B                     	;# 
   265  009C                     	;# 
   266  009D                     	;# 
   267  009E                     	;# 
   268  009F                     	;# 
   269  0105                     	;# 
   270  0107                     	;# 
   271  0108                     	;# 
   272  0109                     	;# 
   273  010C                     	;# 
   274  010C                     	;# 
   275  010D                     	;# 
   276  010E                     	;# 
   277  010F                     	;# 
   278  0185                     	;# 
   279  0187                     	;# 
   280  0188                     	;# 
   281  0189                     	;# 
   282  018C                     	;# 
   283  018D                     	;# 
   284  0006                     _PORTBbits	set	6
   285  0008                     _PORTD	set	8
   286  0006                     _PORTB	set	6
   287  0008                     _PORTDbits	set	8
   288  000C                     _PIR1bits	set	12
   289  000B                     _INTCONbits	set	11
   290  0014                     _SSPCONbits	set	20
   291  0013                     _SSPBUF	set	19
   292  0014                     _SSPCON	set	20
   293  0063                     _SSPIF	set	99
   294  0086                     _TRISB	set	134
   295  0088                     _TRISD	set	136
   296  008C                     _PIE1bits	set	140
   297  0094                     _SSPSTATbits	set	148
   298  0091                     _SSPCON2bits	set	145
   299  0091                     _SSPCON2	set	145
   300  0094                     _SSPSTAT	set	148
   301  0093                     _SSPADD	set	147
   302  0087                     _TRISCbits	set	135
   303  04A0                     _BF	set	1184
   304  043C                     _TRISC4	set	1084
   305  043B                     _TRISC3	set	1083
   306                           
   307                           	psect	cinit
   308  0011                     start_initialization:	
   309                           ; #config settings
   310                           
   311  0011                     __initialization:
   312                           
   313                           ; Clear objects allocated to COMMON
   314  0011  01F7               	clrf	__pbssCOMMON& (0+127)
   315                           
   316                           ; Clear objects allocated to BANK0
   317  0012  1283               	bcf	3,5	;RP0=0, select bank0
   318  0013  1303               	bcf	3,6	;RP1=0, select bank0
   319  0014  01A0               	clrf	__pbssBANK0& (0+127)
   320  0015  01A1               	clrf	(__pbssBANK0+1)& (0+127)
   321  0016  01A2               	clrf	(__pbssBANK0+2)& (0+127)
   322  0017  01A3               	clrf	(__pbssBANK0+3)& (0+127)
   323  0018  01A4               	clrf	(__pbssBANK0+4)& (0+127)
   324  0019  01A5               	clrf	(__pbssBANK0+5)& (0+127)
   325  001A  01A6               	clrf	(__pbssBANK0+6)& (0+127)
   326  001B  01A7               	clrf	(__pbssBANK0+7)& (0+127)
   327  001C  01A8               	clrf	(__pbssBANK0+8)& (0+127)
   328  001D  01A9               	clrf	(__pbssBANK0+9)& (0+127)
   329  001E                     end_of_initialization:	
   330                           ;End of C runtime variable initialization code
   331                           
   332  001E                     __end_of__initialization:
   333  001E  0183               	clrf	3
   334  001F  120A  118A  289A   	ljmp	_main	;jump to C main() function
   335                           
   336                           	psect	bssCOMMON
   337  0077                     __pbssCOMMON:
   338  0077                     _z:
   339  0077                     	ds	1
   340                           
   341                           	psect	bssBANK0
   342  0020                     __pbssBANK0:
   343  0020                     _data:
   344  0020                     	ds	10
   345                           
   346                           	psect	cstackCOMMON
   347  0070                     __pcstackCOMMON:
   348  0070                     ?_myISR:
   349  0070                     ??_myISR:	
   350                           ; 1 bytes @ 0x0
   351                           
   352  0070                     ?_main:	
   353                           ; 1 bytes @ 0x0
   354                           
   355                           
   356                           ; 1 bytes @ 0x0
   357  0070                     	ds	5
   358  0075                     ?_i2c_Slave_Init:
   359  0075                     i2c_Slave_Init@address:	
   360                           ; 1 bytes @ 0x5
   361                           
   362                           
   363                           ; 2 bytes @ 0x5
   364  0075                     	ds	2
   365  0077                     ??_i2c_Slave_Init:
   366                           
   367                           	psect	cstackBANK0
   368  002A                     __pcstackBANK0:	
   369                           ; 1 bytes @ 0x7
   370                           
   371  002A                     ??_main:
   372                           
   373                           ; 1 bytes @ 0x0
   374  002A                     	ds	3
   375                           
   376                           	psect	maintext
   377  009A                     __pmaintext:	
   378 ;;
   379 ;;Main: autosize = 0, tempsize = 3, incstack = 0, save=0
   380 ;;
   381 ;; *************** function _main *****************
   382 ;; Defined at:
   383 ;;		line 70 in file "../Esclavo00.X/main.c"
   384 ;; Parameters:    Size  Location     Type
   385 ;;		None
   386 ;; Auto vars:     Size  Location     Type
   387 ;;		None
   388 ;; Return value:  Size  Location     Type
   389 ;;                  1    wreg      void 
   390 ;; Registers used:
   391 ;;		wreg, status,2, status,0, pclath, cstack
   392 ;; Tracked objects:
   393 ;;		On entry : B00/0
   394 ;;		On exit  : 0/0
   395 ;;		Unchanged: 0/0
   396 ;; Data sizes:     COMMON   BANK0   BANK1   BANK3   BANK2
   397 ;;      Params:         0       0       0       0       0
   398 ;;      Locals:         0       0       0       0       0
   399 ;;      Temps:          0       3       0       0       0
   400 ;;      Totals:         0       3       0       0       0
   401 ;;Total ram usage:        3 bytes
   402 ;; Hardware stack levels required when called:    2
   403 ;; This function calls:
   404 ;;		_i2c_Slave_Init
   405 ;; This function is called by:
   406 ;;		Startup code after reset
   407 ;; This function uses a non-reentrant model
   408 ;;
   409                           
   410                           
   411                           ;psect for function _main
   412  009A                     _main:
   413  009A                     l911:	
   414                           ;incstack = 0
   415                           ; Regs used in _main: [wreg+status,2+status,0+pclath+cstack]
   416                           
   417                           
   418                           ;../Esclavo00.X/main.c: 71:     TRISD = 0x00;
   419  009A  1683               	bsf	3,5	;RP0=1, select bank1
   420  009B  1303               	bcf	3,6	;RP1=0, select bank1
   421  009C  0188               	clrf	8	;volatile
   422                           
   423                           ;../Esclavo00.X/main.c: 72:     PORTD = 0x00;
   424  009D  1283               	bcf	3,5	;RP0=0, select bank0
   425  009E  1303               	bcf	3,6	;RP1=0, select bank0
   426  009F  0188               	clrf	8	;volatile
   427                           
   428                           ;../Esclavo00.X/main.c: 73:     TRISB = 0x00;
   429  00A0  1683               	bsf	3,5	;RP0=1, select bank1
   430  00A1  1303               	bcf	3,6	;RP1=0, select bank1
   431  00A2  0186               	clrf	6	;volatile
   432                           
   433                           ;../Esclavo00.X/main.c: 74:     PORTB = 0x00;
   434  00A3  1283               	bcf	3,5	;RP0=0, select bank0
   435  00A4  1303               	bcf	3,6	;RP1=0, select bank0
   436  00A5  0186               	clrf	6	;volatile
   437  00A6                     l913:
   438                           
   439                           ;../Esclavo00.X/main.c: 75:     i2c_Slave_Init(0x32);
   440  00A6  3032               	movlw	50
   441  00A7  00F5               	movwf	i2c_Slave_Init@address
   442  00A8  3000               	movlw	0
   443  00A9  00F6               	movwf	i2c_Slave_Init@address+1
   444  00AA  120A  118A  20D7  120A  118A  	fcall	_i2c_Slave_Init
   445  00AF                     l915:
   446                           
   447                           ;../Esclavo00.X/main.c: 77:         PORTBbits.RB0 = 1;
   448  00AF  1283               	bcf	3,5	;RP0=0, select bank0
   449  00B0  1303               	bcf	3,6	;RP1=0, select bank0
   450  00B1  1406               	bsf	6,0	;volatile
   451  00B2                     l917:
   452                           
   453                           ;../Esclavo00.X/main.c: 78:         _delay((unsigned long)((1000)*(20000000/4000.0)));
   454  00B2  301A               	movlw	26
   455  00B3  1283               	bcf	3,5	;RP0=0, select bank0
   456  00B4  1303               	bcf	3,6	;RP1=0, select bank0
   457  00B5  00AC               	movwf	??_main+2
   458  00B6  305E               	movlw	94
   459  00B7  00AB               	movwf	??_main+1
   460  00B8  306D               	movlw	109
   461  00B9  00AA               	movwf	??_main
   462  00BA                     u237:
   463  00BA  0BAA               	decfsz	??_main,f
   464  00BB  28BA               	goto	u237
   465  00BC  0BAB               	decfsz	??_main+1,f
   466  00BD  28BA               	goto	u237
   467  00BE  0BAC               	decfsz	??_main+2,f
   468  00BF  28BA               	goto	u237
   469  00C0  28C1               	nop2
   470  00C1                     l919:
   471                           
   472                           ;../Esclavo00.X/main.c: 80:         PORTBbits.RB0 = 0;
   473  00C1  1283               	bcf	3,5	;RP0=0, select bank0
   474  00C2  1303               	bcf	3,6	;RP1=0, select bank0
   475  00C3  1006               	bcf	6,0	;volatile
   476  00C4                     l921:
   477                           
   478                           ;../Esclavo00.X/main.c: 81:         _delay((unsigned long)((1000)*(20000000/4000.0)));
   479  00C4  301A               	movlw	26
   480  00C5  1283               	bcf	3,5	;RP0=0, select bank0
   481  00C6  1303               	bcf	3,6	;RP1=0, select bank0
   482  00C7  00AC               	movwf	??_main+2
   483  00C8  305E               	movlw	94
   484  00C9  00AB               	movwf	??_main+1
   485  00CA  306D               	movlw	109
   486  00CB  00AA               	movwf	??_main
   487  00CC                     u247:
   488  00CC  0BAA               	decfsz	??_main,f
   489  00CD  28CC               	goto	u247
   490  00CE  0BAB               	decfsz	??_main+1,f
   491  00CF  28CC               	goto	u247
   492  00D0  0BAC               	decfsz	??_main+2,f
   493  00D1  28CC               	goto	u247
   494  00D2  28D3               	nop2
   495  00D3  28AF               	goto	l915
   496  00D4  120A  118A  280E   	ljmp	start
   497  00D7                     __end_of_main:
   498                           
   499                           	psect	text1
   500  00D7                     __ptext1:	
   501 ;; *************** function _i2c_Slave_Init *****************
   502 ;; Defined at:
   503 ;;		line 87 in file "../Esclavo00.X/i2c.c"
   504 ;; Parameters:    Size  Location     Type
   505 ;;  address         2    5[COMMON] short 
   506 ;; Auto vars:     Size  Location     Type
   507 ;;		None
   508 ;; Return value:  Size  Location     Type
   509 ;;                  1    wreg      void 
   510 ;; Registers used:
   511 ;;		wreg, status,2, status,0
   512 ;; Tracked objects:
   513 ;;		On entry : 0/0
   514 ;;		On exit  : 0/0
   515 ;;		Unchanged: 0/0
   516 ;; Data sizes:     COMMON   BANK0   BANK1   BANK3   BANK2
   517 ;;      Params:         2       0       0       0       0
   518 ;;      Locals:         0       0       0       0       0
   519 ;;      Temps:          0       0       0       0       0
   520 ;;      Totals:         2       0       0       0       0
   521 ;;Total ram usage:        2 bytes
   522 ;; Hardware stack levels used:    1
   523 ;; Hardware stack levels required when called:    1
   524 ;; This function calls:
   525 ;;		Nothing
   526 ;; This function is called by:
   527 ;;		_main
   528 ;; This function uses a non-reentrant model
   529 ;;
   530                           
   531                           
   532                           ;psect for function _i2c_Slave_Init
   533  00D7                     _i2c_Slave_Init:
   534  00D7                     l889:	
   535                           ;incstack = 0
   536                           ; Regs used in _i2c_Slave_Init: [wreg+status,2+status,0]
   537                           
   538                           
   539                           ;../Esclavo00.X/i2c.c: 87: void i2c_Slave_Init(short address);../Esclavo00.X/i2c.c: 88: 
      +                          {;../Esclavo00.X/i2c.c: 89:   SSPSTAT = 0x80;
   540  00D7  3080               	movlw	128
   541  00D8  1683               	bsf	3,5	;RP0=1, select bank1
   542  00D9  1303               	bcf	3,6	;RP1=0, select bank1
   543  00DA  0094               	movwf	20	;volatile
   544                           
   545                           ;../Esclavo00.X/i2c.c: 90:   SSPADD = address;
   546  00DB  0875               	movf	i2c_Slave_Init@address,w
   547  00DC  0093               	movwf	19	;volatile
   548                           
   549                           ;../Esclavo00.X/i2c.c: 91:   SSPCON2 = 0x01;
   550  00DD  3001               	movlw	1
   551  00DE  0091               	movwf	17	;volatile
   552  00DF                     l891:
   553                           
   554                           ;../Esclavo00.X/i2c.c: 92:   TRISC3 = 1;
   555  00DF  1587               	bsf	7,3	;volatile
   556  00E0                     l893:
   557                           
   558                           ;../Esclavo00.X/i2c.c: 93:   TRISC4 = 1;
   559  00E0  1607               	bsf	7,4	;volatile
   560  00E1                     l895:
   561                           
   562                           ;../Esclavo00.X/i2c.c: 94:   SSPCONbits.SSPM = 0x06;
   563  00E1  1283               	bcf	3,5	;RP0=0, select bank0
   564  00E2  1303               	bcf	3,6	;RP1=0, select bank0
   565  00E3  0814               	movf	20,w	;volatile
   566  00E4  39F0               	andlw	-16
   567  00E5  3806               	iorlw	6
   568  00E6  0094               	movwf	20	;volatile
   569  00E7                     l897:
   570                           
   571                           ;../Esclavo00.X/i2c.c: 95:   SSPCONbits.CKP = 1;
   572  00E7  1614               	bsf	20,4	;volatile
   573  00E8                     l899:
   574                           
   575                           ;../Esclavo00.X/i2c.c: 96:   SSPCONbits.SSPEN = 1;
   576  00E8  1694               	bsf	20,5	;volatile
   577  00E9                     l901:
   578                           
   579                           ;../Esclavo00.X/i2c.c: 97:   SSPCON2bits.SEN = 1;
   580  00E9  1683               	bsf	3,5	;RP0=1, select bank1
   581  00EA  1303               	bcf	3,6	;RP1=0, select bank1
   582  00EB  1411               	bsf	17,0	;volatile
   583  00EC                     l903:
   584                           
   585                           ;../Esclavo00.X/i2c.c: 98:   INTCONbits.GIE = 1;
   586  00EC  178B               	bsf	11,7	;volatile
   587  00ED                     l905:
   588                           
   589                           ;../Esclavo00.X/i2c.c: 99:   INTCONbits.PEIE = 1;
   590  00ED  170B               	bsf	11,6	;volatile
   591  00EE                     l907:
   592                           
   593                           ;../Esclavo00.X/i2c.c: 100:   PIR1bits.SSPIF = 0;
   594  00EE  1283               	bcf	3,5	;RP0=0, select bank0
   595  00EF  1303               	bcf	3,6	;RP1=0, select bank0
   596  00F0  118C               	bcf	12,3	;volatile
   597  00F1                     l909:
   598                           
   599                           ;../Esclavo00.X/i2c.c: 101:   PIE1bits.SSPIE = 1;
   600  00F1  1683               	bsf	3,5	;RP0=1, select bank1
   601  00F2  1303               	bcf	3,6	;RP1=0, select bank1
   602  00F3  158C               	bsf	12,3	;volatile
   603  00F4                     l98:
   604  00F4  0008               	return
   605  00F5                     __end_of_i2c_Slave_Init:
   606                           
   607                           	psect	text2
   608  0022                     __ptext2:	
   609 ;; *************** function _myISR *****************
   610 ;; Defined at:
   611 ;;		line 15 in file "../Esclavo00.X/main.c"
   612 ;; Parameters:    Size  Location     Type
   613 ;;		None
   614 ;; Auto vars:     Size  Location     Type
   615 ;;		None
   616 ;; Return value:  Size  Location     Type
   617 ;;                  1    wreg      void 
   618 ;; Registers used:
   619 ;;		wreg, fsr0l, fsr0h, status,2, status,0
   620 ;; Tracked objects:
   621 ;;		On entry : 0/0
   622 ;;		On exit  : 0/0
   623 ;;		Unchanged: 0/0
   624 ;; Data sizes:     COMMON   BANK0   BANK1   BANK3   BANK2
   625 ;;      Params:         0       0       0       0       0
   626 ;;      Locals:         0       0       0       0       0
   627 ;;      Temps:          5       0       0       0       0
   628 ;;      Totals:         5       0       0       0       0
   629 ;;Total ram usage:        5 bytes
   630 ;; Hardware stack levels used:    1
   631 ;; This function calls:
   632 ;;		Nothing
   633 ;; This function is called by:
   634 ;;		Interrupt level 1
   635 ;; This function uses a non-reentrant model
   636 ;;
   637                           
   638                           
   639                           ;psect for function _myISR
   640  0022                     _myISR:
   641  0022                     i1l821:
   642                           
   643                           ;../Esclavo00.X/main.c: 16:     INTCONbits.GIE = 0;
   644  0022  138B               	bcf	11,7	;volatile
   645                           
   646                           ;../Esclavo00.X/main.c: 17:     if(SSPIF == 1){
   647  0023  1283               	bcf	3,5	;RP0=0, select bank0
   648  0024  1303               	bcf	3,6	;RP1=0, select bank0
   649  0025  1D8C               	btfss	12,3	;volatile
   650  0026  2828               	goto	u14_21
   651  0027  2829               	goto	u14_20
   652  0028                     u14_21:
   653  0028  288E               	goto	i1l137
   654  0029                     u14_20:
   655  0029                     i1l823:
   656                           
   657                           ;../Esclavo00.X/main.c: 18:     SSPCONbits.CKP = 0;
   658  0029  1214               	bcf	20,4	;volatile
   659                           
   660                           ;../Esclavo00.X/main.c: 19:         if ((SSPCONbits.SSPOV) || (SSPCONbits.WCOL)){
   661  002A  1B14               	btfsc	20,6	;volatile
   662  002B  282D               	goto	u15_21
   663  002C  282E               	goto	u15_20
   664  002D                     u15_21:
   665  002D  2832               	goto	i1l827
   666  002E                     u15_20:
   667  002E                     i1l825:
   668  002E  1F94               	btfss	20,7	;volatile
   669  002F  2831               	goto	u16_21
   670  0030  2832               	goto	u16_20
   671  0031                     u16_21:
   672  0031  2839               	goto	i1l835
   673  0032                     u16_20:
   674  0032                     i1l827:
   675                           
   676                           ;../Esclavo00.X/main.c: 20:           z = SSPBUF;
   677  0032  0813               	movf	19,w	;volatile
   678  0033  00F0               	movwf	??_myISR
   679  0034  0870               	movf	??_myISR,w
   680  0035  00F7               	movwf	_z
   681  0036                     i1l829:
   682                           
   683                           ;../Esclavo00.X/main.c: 21:           SSPCONbits.SSPOV = 0;
   684  0036  1314               	bcf	20,6	;volatile
   685  0037                     i1l831:
   686                           
   687                           ;../Esclavo00.X/main.c: 22:           SSPCONbits.WCOL = 0;
   688  0037  1394               	bcf	20,7	;volatile
   689  0038                     i1l833:
   690                           
   691                           ;../Esclavo00.X/main.c: 23:           SSPCONbits.CKP = 1;
   692  0038  1614               	bsf	20,4	;volatile
   693  0039                     i1l835:
   694                           
   695                           ;../Esclavo00.X/main.c: 27:         if(!SSPSTATbits.D_nA && !SSPSTATbits.R_nW){
   696  0039  1683               	bsf	3,5	;RP0=1, select bank1
   697  003A  1303               	bcf	3,6	;RP1=0, select bank1
   698  003B  1A94               	btfsc	20,5	;volatile
   699  003C  283E               	goto	u17_21
   700  003D  283F               	goto	u17_20
   701  003E                     u17_21:
   702  003E  287A               	goto	i1l141
   703  003F                     u17_20:
   704  003F                     i1l837:
   705  003F  1914               	btfsc	20,2	;volatile
   706  0040  2842               	goto	u18_21
   707  0041  2843               	goto	u18_20
   708  0042                     u18_21:
   709  0042  287A               	goto	i1l141
   710  0043                     u18_20:
   711  0043                     i1l839:
   712                           
   713                           ;../Esclavo00.X/main.c: 28:           z = SSPBUF;
   714  0043  1283               	bcf	3,5	;RP0=0, select bank0
   715  0044  1303               	bcf	3,6	;RP1=0, select bank0
   716  0045  0813               	movf	19,w	;volatile
   717  0046  00F0               	movwf	??_myISR
   718  0047  0870               	movf	??_myISR,w
   719  0048  00F7               	movwf	_z
   720  0049                     i1l142:	
   721                           ;../Esclavo00.X/main.c: 29:           while(!BF);
   722                           
   723  0049  1683               	bsf	3,5	;RP0=1, select bank1
   724  004A  1303               	bcf	3,6	;RP1=0, select bank1
   725  004B  1C14               	btfss	20,0	;volatile
   726  004C  284E               	goto	u19_21
   727  004D  284F               	goto	u19_20
   728  004E                     u19_21:
   729  004E  2849               	goto	i1l142
   730  004F                     u19_20:
   731  004F  2860               	goto	i1l843
   732  0050                     i1l148:	
   733                           ;../Esclavo00.X/main.c: 35:               case 'b':
   734                           
   735                           
   736                           ;../Esclavo00.X/main.c: 36:                   PORTDbits.RD0 = 0;
   737  0050  1008               	bcf	8,0	;volatile
   738                           
   739                           ;../Esclavo00.X/main.c: 37:                   PORTDbits.RD1 = 0;
   740  0051  1088               	bcf	8,1	;volatile
   741                           
   742                           ;../Esclavo00.X/main.c: 38:                   PORTDbits.RD2 = 1;
   743  0052  1508               	bsf	8,2	;volatile
   744                           
   745                           ;../Esclavo00.X/main.c: 39:                   break;
   746  0053  2878               	goto	i1l147
   747  0054                     i1l149:	
   748                           ;../Esclavo00.X/main.c: 40:               case 'g':
   749                           
   750                           
   751                           ;../Esclavo00.X/main.c: 41:                   PORTDbits.RD0 = 0;
   752  0054  1008               	bcf	8,0	;volatile
   753                           
   754                           ;../Esclavo00.X/main.c: 42:                   PORTDbits.RD1 = 1;
   755  0055  1488               	bsf	8,1	;volatile
   756                           
   757                           ;../Esclavo00.X/main.c: 43:                   PORTDbits.RD2 = 0;
   758  0056  1108               	bcf	8,2	;volatile
   759                           
   760                           ;../Esclavo00.X/main.c: 44:                   break;
   761  0057  2878               	goto	i1l147
   762  0058                     i1l150:	
   763                           ;../Esclavo00.X/main.c: 45:               case 'r':
   764                           
   765                           
   766                           ;../Esclavo00.X/main.c: 46:                   PORTDbits.RD0 = 1;
   767  0058  1408               	bsf	8,0	;volatile
   768                           
   769                           ;../Esclavo00.X/main.c: 47:                   PORTDbits.RD1 = 0;
   770  0059  1088               	bcf	8,1	;volatile
   771                           
   772                           ;../Esclavo00.X/main.c: 48:                   PORTDbits.RD2 = 0;
   773  005A  1108               	bcf	8,2	;volatile
   774                           
   775                           ;../Esclavo00.X/main.c: 49:                   break;
   776  005B  2878               	goto	i1l147
   777  005C                     i1l151:	
   778                           ;../Esclavo00.X/main.c: 50:               default:
   779                           
   780                           
   781                           ;../Esclavo00.X/main.c: 51:                   PORTDbits.RD0 = 0;
   782  005C  1008               	bcf	8,0	;volatile
   783                           
   784                           ;../Esclavo00.X/main.c: 52:                   PORTDbits.RD1 = 0;
   785  005D  1088               	bcf	8,1	;volatile
   786                           
   787                           ;../Esclavo00.X/main.c: 53:                   PORTDbits.RD2 = 0;
   788  005E  1108               	bcf	8,2	;volatile
   789                           
   790                           ;../Esclavo00.X/main.c: 54:                   break;
   791  005F  2878               	goto	i1l147
   792  0060                     i1l843:
   793  0060  1283               	bcf	3,5	;RP0=0, select bank0
   794  0061  1303               	bcf	3,6	;RP1=0, select bank0
   795  0062  0813               	movf	19,w	;volatile
   796  0063  00F0               	movwf	??_myISR
   797  0064  01F1               	clrf	??_myISR+1
   798                           
   799                           ; Switch on 2 bytes has been partitioned into a top level switch of size 1, and 1 sub-sw
      +                          itches
   800                           ; Switch size 1, requested type "simple"
   801                           ; Number of cases is 1, Range of values is 0 to 0
   802                           ; switch strategies available:
   803                           ; Name         Instructions Cycles
   804                           ; simple_byte            4     3 (average)
   805                           ; direct_byte           11     8 (fixed)
   806                           ; jumptable            260     6 (fixed)
   807                           ;	Chosen strategy is simple_byte
   808  0065  0871               	movf	??_myISR+1,w
   809  0066  3A00               	xorlw	0	; case 0
   810  0067  1903               	skipnz
   811  0068  286A               	goto	i1l943
   812  0069  285C               	goto	i1l151
   813  006A                     i1l943:
   814                           
   815                           ; Switch size 1, requested type "simple"
   816                           ; Number of cases is 4, Range of values is 61 to 114
   817                           ; switch strategies available:
   818                           ; Name         Instructions Cycles
   819                           ; simple_byte           13     7 (average)
   820                           ; direct_byte          173    11 (fixed)
   821                           ; jumptable            263     9 (fixed)
   822                           ;	Chosen strategy is simple_byte
   823  006A  0870               	movf	??_myISR,w
   824  006B  3A3D               	xorlw	61	; case 61
   825  006C  1903               	skipnz
   826  006D  2878               	goto	i1l147
   827  006E  3A5F               	xorlw	95	; case 98
   828  006F  1903               	skipnz
   829  0070  2850               	goto	i1l148
   830  0071  3A05               	xorlw	5	; case 103
   831  0072  1903               	skipnz
   832  0073  2854               	goto	i1l149
   833  0074  3A15               	xorlw	21	; case 114
   834  0075  1903               	skipnz
   835  0076  2858               	goto	i1l150
   836  0077  285C               	goto	i1l151
   837  0078                     i1l147:
   838                           
   839                           ;../Esclavo00.X/main.c: 56:           SSPCONbits.CKP = 1;
   840  0078  1614               	bsf	20,4	;volatile
   841                           
   842                           ;../Esclavo00.X/main.c: 57:         }
   843  0079  288E               	goto	i1l137
   844  007A                     i1l141:	
   845                           ;../Esclavo00.X/main.c: 58:         else if(!SSPSTATbits.D_nA && SSPSTATbits.R_nW){
   846                           
   847  007A  1A94               	btfsc	20,5	;volatile
   848  007B  287D               	goto	u20_21
   849  007C  287E               	goto	u20_20
   850  007D                     u20_21:
   851  007D  288E               	goto	i1l137
   852  007E                     u20_20:
   853  007E                     i1l845:
   854  007E  1D14               	btfss	20,2	;volatile
   855  007F  2881               	goto	u21_21
   856  0080  2882               	goto	u21_20
   857  0081                     u21_21:
   858  0081  288E               	goto	i1l137
   859  0082                     u21_20:
   860  0082                     i1l847:
   861                           
   862                           ;../Esclavo00.X/main.c: 60:           BF = 0;
   863  0082  1014               	bcf	20,0	;volatile
   864  0083                     i1l849:
   865                           
   866                           ;../Esclavo00.X/main.c: 61:           SSPBUF = PORTB;
   867  0083  1283               	bcf	3,5	;RP0=0, select bank0
   868  0084  1303               	bcf	3,6	;RP1=0, select bank0
   869  0085  0806               	movf	6,w	;volatile
   870  0086  0093               	movwf	19	;volatile
   871  0087                     i1l851:
   872                           
   873                           ;../Esclavo00.X/main.c: 62:           SSPCONbits.CKP = 1;
   874  0087  1614               	bsf	20,4	;volatile
   875  0088                     i1l154:	
   876                           ;../Esclavo00.X/main.c: 63:           while(SSPSTATbits.BF);
   877                           
   878  0088  1683               	bsf	3,5	;RP0=1, select bank1
   879  0089  1303               	bcf	3,6	;RP1=0, select bank1
   880  008A  1814               	btfsc	20,0	;volatile
   881  008B  288D               	goto	u22_21
   882  008C  288E               	goto	u22_20
   883  008D                     u22_21:
   884  008D  2888               	goto	i1l154
   885  008E                     u22_20:
   886  008E                     i1l137:	
   887                           ;../Esclavo00.X/main.c: 65:       }
   888                           
   889                           
   890                           ;../Esclavo00.X/main.c: 66:     PIR1bits.SSPIF = 0;
   891  008E  1283               	bcf	3,5	;RP0=0, select bank0
   892  008F  118C               	bcf	12,3	;volatile
   893                           
   894                           ;../Esclavo00.X/main.c: 67:     INTCONbits.GIE = 1;
   895  0090  178B               	bsf	11,7	;volatile
   896  0091                     i1l157:
   897  0091  0874               	movf	??_myISR+4,w
   898  0092  008A               	movwf	10
   899  0093  0873               	movf	??_myISR+3,w
   900  0094  0084               	movwf	4
   901  0095  0E72               	swapf	??_myISR+2,w
   902  0096  0083               	movwf	3
   903  0097  0EFE               	swapf	btemp,f
   904  0098  0E7E               	swapf	btemp,w
   905  0099  0009               	retfie
   906  009A                     __end_of_myISR:
   907  007E                     btemp	set	126	;btemp
   908  007E                     wtemp0	set	126
   909                           
   910                           	psect	intentry
   911  0004                     __pintentry:	
   912                           ;incstack = 0
   913                           ; Regs used in _myISR: [wreg-fsr0h+status,2+status,0]
   914                           
   915  0004                     interrupt_function:
   916  007E                     saved_w	set	btemp
   917  0004  00FE               	movwf	btemp
   918  0005  0E03               	swapf	3,w
   919  0006  00F2               	movwf	??_myISR+2
   920  0007  0804               	movf	4,w
   921  0008  00F3               	movwf	??_myISR+3
   922  0009  080A               	movf	10,w
   923  000A  00F4               	movwf	??_myISR+4
   924  000B  120A  118A  2822   	ljmp	_myISR
   925                           
   926                           	psect	config
   927                           
   928                           ;Config register CONFIG1 @ 0x2007
   929                           ;	Oscillator Selection bits
   930                           ;	FOSC = HS, HS oscillator: High-speed crystal/resonator on RA6/OSC2/CLKOUT and RA7/OSC1
      +                          /CLKIN
   931                           ;	Watchdog Timer Enable bit
   932                           ;	WDTE = OFF, WDT disabled and can be enabled by SWDTEN bit of the WDTCON register
   933                           ;	Power-up Timer Enable bit
   934                           ;	PWRTE = OFF, PWRT disabled
   935                           ;	RE3/MCLR pin function select bit
   936                           ;	MCLRE = ON, RE3/MCLR pin function is MCLR
   937                           ;	Code Protection bit
   938                           ;	CP = OFF, Program memory code protection is disabled
   939                           ;	Data Code Protection bit
   940                           ;	CPD = OFF, Data memory code protection is disabled
   941                           ;	Brown Out Reset Selection bits
   942                           ;	BOREN = ON, BOR enabled
   943                           ;	Internal External Switchover bit
   944                           ;	IESO = ON, Internal/External Switchover mode is enabled
   945                           ;	Fail-Safe Clock Monitor Enabled bit
   946                           ;	FCMEN = ON, Fail-Safe Clock Monitor is enabled
   947                           ;	Low Voltage Programming Enable bit
   948                           ;	LVP = ON, RB3/PGM pin has PGM function, low voltage programming enabled
   949                           ;	In-Circuit Debugger Mode bit
   950                           ;	DEBUG = 0x1, unprogrammed default
   951  2007                     	org	8199
   952  2007  3FF2               	dw	16370
   953                           
   954                           ;Config register CONFIG2 @ 0x2008
   955                           ;	Brown-out Reset Selection bit
   956                           ;	BOR4V = BOR40V, Brown-out Reset set to 4.0V
   957                           ;	Flash Program Memory Self Write Enable bits
   958                           ;	WRT = OFF, Write protection off
   959  2008                     	org	8200
   960  2008  3FFF               	dw	16383

Data Sizes:
    Strings     0
    Constant    0
    Data        0
    BSS         11
    Persistent  0
    Stack       0

Auto Spaces:
    Space          Size  Autos    Used
    COMMON           14      7       8
    BANK0            80      3      13
    BANK1            80      0       0
    BANK3            96      0       0
    BANK2            96      0       0

Pointer List with Targets:

    None.

Critical Paths under _main in COMMON

    _main->_i2c_Slave_Init

Critical Paths under _myISR in COMMON

    None.

Critical Paths under _main in BANK0

    None.

Critical Paths under _myISR in BANK0

    None.

Critical Paths under _main in BANK1

    None.

Critical Paths under _myISR in BANK1

    None.

Critical Paths under _main in BANK3

    None.

Critical Paths under _myISR in BANK3

    None.

Critical Paths under _main in BANK2

    None.

Critical Paths under _myISR in BANK2

    None.

Call Graph Tables:

 ---------------------------------------------------------------------------------
 (Depth) Function   	        Calls       Base Space   Used Autos Params    Refs
 ---------------------------------------------------------------------------------
 (0) _main                                                 3     3      0      98
                                              0 BANK0      3     3      0
                     _i2c_Slave_Init
 ---------------------------------------------------------------------------------
 (1) _i2c_Slave_Init                                       2     0      2      98
                                              5 COMMON     2     0      2
 ---------------------------------------------------------------------------------
 Estimated maximum stack depth 1
 ---------------------------------------------------------------------------------
 (Depth) Function   	        Calls       Base Space   Used Autos Params    Refs
 ---------------------------------------------------------------------------------
 (2) _myISR                                                5     5      0       0
                                              0 COMMON     5     5      0
 ---------------------------------------------------------------------------------
 Estimated maximum stack depth 2
 ---------------------------------------------------------------------------------

 Call Graph Graphs:

 _main (ROOT)
   _i2c_Slave_Init

 _myISR (ROOT)

 Address spaces:
Name               Size   Autos  Total    Cost      Usage
BITCOMMON            E      0       0       0        0.0%
EEDATA             100      0       0       0        0.0%
NULL                 0      0       0       0        0.0%
CODE                 0      0       0       0        0.0%
COMMON               E      7       8       1       57.1%
BITSFR0              0      0       0       1        0.0%
SFR0                 0      0       0       1        0.0%
BITSFR1              0      0       0       2        0.0%
SFR1                 0      0       0       2        0.0%
STACK                0      0       0       2        0.0%
ABS                  0      0      15       3        0.0%
BITBANK0            50      0       0       4        0.0%
BITSFR3              0      0       0       4        0.0%
SFR3                 0      0       0       4        0.0%
BANK0               50      3       D       5       16.2%
BITSFR2              0      0       0       5        0.0%
SFR2                 0      0       0       5        0.0%
BITBANK1            50      0       0       6        0.0%
BANK1               50      0       0       7        0.0%
BITBANK3            60      0       0       8        0.0%
BANK3               60      0       0       9        0.0%
BITBANK2            60      0       0      10        0.0%
BANK2               60      0       0      11        0.0%
DATA                 0      0      15      12        0.0%


Microchip Technology PIC Macro Assembler V2.31 build 20201012212115 
Symbol Table                                                                                   Sun Sep 05 18:41:35 2021

                      _z 0077              _SSPSTATbits 0094                       _BF 04A0  
                     l98 00F4          ?_i2c_Slave_Init 0075    i2c_Slave_Init@address 0075  
                    l901 00E9                      l903 00EC                      l911 009A  
                    l905 00ED                      l921 00C4                      l913 00A6  
                    l907 00EE                      l915 00AF                      l909 00F1  
                    l917 00B2                      l919 00C1                      l891 00DF  
                    l893 00E0                      l895 00E1                      l897 00E7  
                    l889 00D7                      l899 00E8                      u237 00BA  
                    u247 00CC                      fsr0 0004                     _data 0020  
                   _main 009A                     btemp 007E                     start 000E  
                  ?_main 0070                    i1l141 007A                    i1l150 0058  
                  i1l142 0049                    i1l151 005C                    i1l137 008E  
                  i1l154 0088                    i1l147 0078                    i1l148 0050  
                  i1l157 0091                    i1l149 0054                    i1l821 0022  
                  i1l831 0037                    i1l823 0029                    i1l833 0038  
                  i1l825 002E                    i1l851 0087                    i1l843 0060  
                  i1l835 0039                    i1l827 0032                    i1l845 007E  
                  i1l837 003F                    i1l829 0036                    i1l847 0082  
                  i1l943 006A                    i1l839 0043                    i1l849 0083  
                  u20_20 007E                    u20_21 007D                    u21_20 0082  
                  u21_21 0081                    u22_20 008E                    u14_20 0029  
                  u22_21 008D                    u14_21 0028                    u15_20 002E  
                  u15_21 002D                    u16_20 0032                    u16_21 0031  
                  u17_20 003F                    u17_21 003E                    u18_20 0043  
                  u18_21 0042                    u19_20 004F                    u19_21 004E  
                  _PORTB 0006                    _PORTD 0008                    _TRISB 0086  
                  _TRISD 0088                    _SSPIF 0063                    _myISR 0022  
                  pclath 000A                    status 0003                    wtemp0 007E  
        __initialization 0011             __end_of_main 00D7                   ??_main 002A  
                 ?_myISR 0070                   _SSPADD 0093                   _TRISC3 043B  
                 _TRISC4 043C                   _SSPCON 0014                   _SSPBUF 0013  
                 saved_w 007E  __end_of__initialization 001E         ??_i2c_Slave_Init 0077  
         __pcstackCOMMON 0070            __end_of_myISR 009A                  ??_myISR 0070  
             __pbssBANK0 0020               __pmaintext 009A               __pintentry 0004  
                _SSPCON2 0091                  _SSPSTAT 0094                  __ptext1 00D7  
                __ptext2 0022     end_of_initialization 001E                _PORTBbits 0006  
              _PORTDbits 0008                _TRISCbits 0087      start_initialization 0011  
            __pbssCOMMON 0077                ___latbits 0002            __pcstackBANK0 002A  
__size_of_i2c_Slave_Init 001E           __size_of_myISR 0078        interrupt_function 0004  
               _PIE1bits 008C                 _PIR1bits 000C            __size_of_main 003D  
         _i2c_Slave_Init 00D7               _INTCONbits 000B                 intlevel1 0000  
 __end_of_i2c_Slave_Init 00F5              _SSPCON2bits 0091               _SSPCONbits 0014  
