

HI-TECH Software PICC Macro Assembler V9.65 build 4410 
                                                      Sun Dec 13 11:28:48 2020


     1                           
     2                           	; HI-TECH C PRO for the PIC10/12/16 MCU family
                                  V9.65
     3                           	; Copyright (C) 1984-2009 HI-TECH Software
     4                           
     5                           	; Auto-generated runtime startup code for fina
                                 l link stage.
     6                           
     7                           	;
     8                           	; Compiler options:
     9                           	;
    10                           	; -oLCD.cof -mLCD.map --summary=default --outp
                                 ut=default lcd.p1 main.p1 \
    11                           	; msecbase.p1 pause.p1 --chip=16F690 -P --runt
                                 ime=default --opt=default \
    12                           	; -D__DEBUG=1 -g --asmlist --errformat=Error  
                                  [%n] %f; %l.%c %s \
    13                           	; --msgformat=Advisory[%n] %s --warnformat=War
                                 ning [%n] %f; %l.%c %s
    14                           	;
    15                           
    16                           
    17                           	processor	16F690
    18                           
    19                           	global	_main,start,_exit,reset_vec
    20                           	fnroot	_main
    21                           	psect	config,class=CONFIG,delta=2
    22                           	psect	idloc,class=IDLOC,delta=2
    23                           	psect	rbss_0,class=BANK0,space=1
    24                           	psect	rbss_1,class=BANK1,space=1
    25                           	psect	rbss_2,class=BANK2,space=1
    26                           	psect	rbss_3,class=BANK3,space=1
    27                           	psect	rdata_0,class=BANK0,space=1
    28                           	psect	rdata_1,class=BANK1,space=1
    29                           	psect	rdata_2,class=BANK2,space=1
    30                           	psect	rdata_3,class=BANK3,space=1
    31                           	psect	nvram,class=BANK0,space=1
    32                           	psect	nvram_1,class=BANK1,space=1
    33                           	psect	nvram_2,class=BANK2,space=1
    34                           	psect	nvram_3,class=BANK3,space=1
    35                           	psect	nvbit_0,class=BANK0,bit,space=1
    36                           	psect	nvbit_1,class=BANK1,bit,space=1
    37                           	psect	nvbit_2,class=BANK2,bit,space=1
    38                           	psect	nvbit_3,class=BANK3,bit,space=1
    39                           	psect	temp,ovrld,class=BANK0,space=1
    40                           	psect	struct,ovrld,class=BANK0,space=1
    41                           	psect	code,class=CODE,delta=2
    42                           	psect	rbit_0,class=BANK0,bit,space=1
    43                           	psect	ptbit_0,class=BANK0,bit,space=1
    44                           	psect	rbit_1,class=BANK1,bit,space=1
    45                           	psect	rbit_2,class=BANK2,bit,space=1
    46                           	psect	rbit_3,class=BANK3,bit,space=1
    47                           	psect	pstrings,class=CODE,delta=2
    48                           	psect	powerup,class=CODE,delta=2
    49                           	psect	reset_vec,class=CODE,delta=2
    50                           	psect	maintext,class=CODE,delta=2
    51  0000                     	C	set	0
    52  0000                     	Z	set	2
    53  0000                     	PCL	set	2
    54  0000                     	INDF	set	0
    55                           
    56                           	psect	fnautoc,class=COMMON,space=1
    57                           	psect	common,class=COMMON,space=1
    58                           	psect	fnauto0,class=BANK0,space=1
    59                           	psect	fnauto1,class=BANK1,space=1
    60                           	psect	fnauto2,class=BANK2,space=1
    61  0000                     	STATUS	equ	3
    62  0000                     	PCLATH	equ	0Ah
    63                           
    64                           	psect	eeprom_data,class=EEDATA,delta=2,space=2
    65                           	psect	idata,class=CODE,delta=2
    66                           	psect	idata_0,class=CODE,delta=2
    67                           	psect	idata_1,class=CODE,delta=2
    68                           	psect	idata_2,class=CODE,delta=2
    69                           	psect	idata_3,class=CODE,delta=2
    70                           	psect	intcode,class=CODE,delta=2
    71                           	psect	intret,class=CODE,delta=2
    72                           	psect	intentry,class=CODE,delta=2
    73                           	global	intlevel0,intlevel1,intlevel2, intlevel
                                 3, intlevel4, intlevel5
    74  0000                     intlevel0:
    75  0000                     intlevel1:
    76  0000                     intlevel2:
    77  0000                     intlevel3:
    78  0000                     intlevel4:
    79  0000                     intlevel5:
    80                           	psect	intsave,class=BANK0,space=1
    81                           	psect	intsave_1,class=BANK1,space=1
    82                           	psect	intsave_2,class=BANK2,space=1
    83                           	psect	intsave_3,class=BANK3,space=1
    84                           	psect	init,class=CODE,delta=2
    85                           	psect	init23,class=CODE,delta=2
    86                           	psect	text,class=CODE,delta=2
    87                           	psect	end_init,class=CODE,delta=2
    88                           	psect	clrtext,class=CODE,delta=2
    89                           	psect	float_text0,class=CODE,delta=2,size=2048
    90                           	psect	float_text1,class=CODE,delta=2,size=2048
    91                           	psect	float_text2,class=CODE,delta=2,size=2048
    92                           	psect	float_text3,class=CODE,delta=2,size=2048
    93                           	psect	float_text4,class=CODE,delta=2,size=2048
    94  0000                     	FSR	set	4
    95                           	psect	strings,class=CODE,delta=2,reloc=256
    96                           
    97                           	psect	reset_vec
    98  0000                     reset_vec:
    99                           	; No powerup routine
   100                           	; No interrupt routine
   101                           
   102                           
   103                           	psect	init
   104  0000                     start
   105  0000                     _exit
   106                           
   107                           ;----------------------------------------------
                                 ---------------------------------
   108                           ;		Clear (zero) uninitialized global variables
   109                           
   110                           ;	No RAM objects to clear in bank 0
   111                           ;	No RAM objects to clear in bank 1
   112                           ;	No RAM objects to clear in bank 2
   113                           ;	No RAM objects to clear in bank 3
   114                           ;	1 byte of RAM objects in common bank to zero
   115                           
   116                           	psect	init
   117  0000  1783               	bsf	STATUS,7		;select indirect bank 2/3
   118                           	global	__Lcommon
   119  0001  307D               	movlw	low(__Lcommon)		;load the low address in
                                 to FSR
   120  0002  0084               	movwf	FSR
   121  0003  307E               	movlw	low(__Lcommon+1)		;load the high address
                                 +1 into W
   122  0004  118A  200A  118A   	fcall	clear_ram		;go and zero that range of ad
                                 dresses
   123                           
   124                           	psect	clrtext,class=CODE,delta=2
   125                           	global	clear_ram
   126                           ;	Called with FSR containing the base address, 
                                 and
   127                           ;	W with the last address+1
   128  000A                     clear_ram:
   129  000A  0064               	clrwdt			;clear the watchdog before getting in
                                 to this loop
   130  000B                     clrloop:
   131  000B  0180               	clrf	INDF		;clear RAM location pointed to by F
                                 SR
   132  000C  0A84               	incf	FSR,f		;increment pointer to next locatio
                                 n
   133  000D  0604               	xorwf	FSR,w		;XOR with final address
   134  000E  1903               	btfsc	STATUS,2	;have we reached the end yet?
   135  000F  3400               	retlw	0		;all done for this bank, return
   136  0010  0604               	xorwf	FSR,w		;XOR again to restore value
   137  0011  280B               	goto	clrloop		;go and do the next byte
   138                           
   139                           
   140                           ;----------------------------------------------
                                 ---------------------------------
   141                           	psect	end_init
   142  0007  0183               	clrf	STATUS
   143  0008  118A  2812         	ljmp _main


HI-TECH Software PICC Macro Assembler V9.65 build 4410 
Symbol Table                                          Sun Dec 13 11:28:48 2020

        FSR 0004         INDF 0000        _main 0012        _exit 0000  
      start 0000    clear_ram 000A       STATUS 0003    intlevel0 0000  
  intlevel1 0000    intlevel2 0000    intlevel3 0000    intlevel4 0000  
  intlevel5 0000    reset_vec 0000      clrloop 000B    __Lcommon 007D  
